<?xml version="1.0" encoding="UTF-8"?>
<testsuite xmlns:xsi="http://www.w3.org/2001/XMLSchema-instance" xsi:noNamespaceSchemaLocation="https://maven.apache.org/surefire/maven-surefire-plugin/xsd/surefire-test-report-3.0.xsd" version="3.0" name="org.khr.ConfigTest" time="0.678" tests="2" errors="1" skipped="0" failures="0">
  <properties>
[...]
</properties>
  <testcase name="testLoadConfig" classname="org.khr.ConfigTest" time="0.048">
    <error message="Resource of path [application-dev.yml] not exist!" type="cn.hutool.core.io.resource.NoResourceException"><![CDATA[cn.hutool.core.io.resource.NoResourceException: Resource of path [application-dev.yml] not exist!
	at cn.hutool.core.io.resource.ClassPathResource.initUrl(ClassPathResource.java:122)
	at cn.hutool.core.io.resource.ClassPathResource.<init>(ClassPathResource.java:74)
	at cn.hutool.core.io.resource.ClassPathResource.<init>(ClassPathResource.java:34)
	at cn.hutool.core.io.resource.ResourceUtil.getResourceObj(ResourceUtil.java:230)
	at cn.hutool.core.io.resource.ResourceUtil.getStream(ResourceUtil.java:72)
	at cn.hutool.setting.yaml.YamlUtil.loadByPath(YamlUtil.java:41)
	at cn.hutool.setting.yaml.YamlUtil.loadByPath(YamlUtil.java:29)
	at org.khr.config.ConfigUtils.loadConfig(ConfigUtils.java:39)
	at org.khr.ConfigTest.testLoadConfig(ConfigTest.java:14)
	at java.base/java.lang.reflect.Method.invoke(Method.java:569)
	at java.base/java.util.ArrayList.forEach(ArrayList.java:1511)
	at java.base/java.util.ArrayList.forEach(ArrayList.java:1511)
]]></error>
  </testcase>
  <testcase name="testLoadConfig2" classname="org.khr.ConfigTest" time="0.611">
    <system-out><![CDATA[15:33:46.153 [main] INFO org.khr.RpcApplication -- rpc init, config = RpcConfig(name=khr, version=2.0, serverHost=localhost, serverPort=8080, serializer=JdkSerializer, loadBalancer=RoundRobinLoadBalancer, retryStrategy=NoRetryStrategy, tolerantStrategy=FailFastTolerantStrategy, mock=false, registryConfig=RegistryConfig(registry=EtcdRegistry, address=http://localhost:2379, username=null, password=null, timeout=10000))
15:33:46.158 [main] INFO org.khr.spi.SpiLoader -- 加??型? org.khr.registry.Registry 的 SPI
15:33:46.239 [main] INFO org.reflections.Reflections -- Reflections took 71 ms to scan 11 urls, producing 13 keys and 32 values
15:33:46.266 [main] INFO org.khr.spi.SpiLoader -- 加?到 org.khr.registry.Registry 接口?型的??? [EtcdRegistry, ZooKeeperRegistry]
15:33:46.322 [main] DEBUG io.vertx.core.logging.LoggerFactory -- Using io.vertx.core.logging.SLF4JLogDelegateFactory
15:33:46.390 [main] DEBUG io.netty.util.internal.logging.InternalLoggerFactory -- Using SLF4J as the default logging framework
15:33:46.391 [main] DEBUG io.netty.util.internal.PlatformDependent0 -- -Dio.netty.noUnsafe: false
15:33:46.391 [main] DEBUG io.netty.util.internal.PlatformDependent0 -- Java version: 17
15:33:46.392 [main] DEBUG io.netty.util.internal.PlatformDependent0 -- sun.misc.Unsafe.theUnsafe: available
15:33:46.392 [main] DEBUG io.netty.util.internal.PlatformDependent0 -- sun.misc.Unsafe.copyMemory: available
15:33:46.393 [main] DEBUG io.netty.util.internal.PlatformDependent0 -- sun.misc.Unsafe.storeFence: available
15:33:46.393 [main] DEBUG io.netty.util.internal.PlatformDependent0 -- java.nio.Buffer.address: available
15:33:46.394 [main] DEBUG io.netty.util.internal.PlatformDependent0 -- direct buffer constructor: unavailable: Reflective setAccessible(true) disabled
15:33:46.394 [main] DEBUG io.netty.util.internal.PlatformDependent0 -- java.nio.Bits.unaligned: available, true
15:33:46.395 [main] DEBUG io.netty.util.internal.PlatformDependent0 -- jdk.internal.misc.Unsafe.allocateUninitializedArray(int): unavailable: class io.netty.util.internal.PlatformDependent0$7 cannot access class jdk.internal.misc.Unsafe (in module java.base) because module java.base does not export jdk.internal.misc to unnamed module @43a0cee9
15:33:46.396 [main] DEBUG io.netty.util.internal.PlatformDependent0 -- java.nio.DirectByteBuffer.<init>(long, {int,long}): unavailable
15:33:46.396 [main] DEBUG io.netty.util.internal.PlatformDependent -- sun.misc.Unsafe: available
15:33:46.396 [main] DEBUG io.netty.util.internal.PlatformDependent -- -Dio.netty.tmpdir: C:\Users\3031208\AppData\Local\Temp (java.io.tmpdir)
15:33:46.396 [main] DEBUG io.netty.util.internal.PlatformDependent -- -Dio.netty.bitMode: 64 (sun.arch.data.model)
15:33:46.396 [main] DEBUG io.netty.util.internal.PlatformDependent -- Platform: Windows
15:33:46.397 [main] DEBUG io.netty.util.internal.PlatformDependent -- -Dio.netty.maxDirectMemory: -1 bytes
15:33:46.397 [main] DEBUG io.netty.util.internal.PlatformDependent -- -Dio.netty.uninitializedArrayAllocationThreshold: -1
15:33:46.398 [main] DEBUG io.netty.util.internal.CleanerJava9 -- java.nio.ByteBuffer.cleaner(): available
15:33:46.398 [main] DEBUG io.netty.util.internal.PlatformDependent -- -Dio.netty.noPreferDirect: false
15:33:46.408 [main] DEBUG io.netty.util.ResourceLeakDetector -- -Dio.netty.leakDetection.level: simple
15:33:46.408 [main] DEBUG io.netty.util.ResourceLeakDetector -- -Dio.netty.leakDetection.targetRecords: 4
15:33:46.418 [main] DEBUG io.netty.channel.MultithreadEventLoopGroup -- -Dio.netty.eventLoopThreads: 24
15:33:46.425 [main] DEBUG io.netty.util.concurrent.GlobalEventExecutor -- -Dio.netty.globalEventExecutor.quietPeriodSeconds: 1
15:33:46.429 [main] DEBUG io.netty.util.internal.InternalThreadLocalMap -- -Dio.netty.threadLocalMap.stringBuilder.initialSize: 1024
15:33:46.429 [main] DEBUG io.netty.util.internal.InternalThreadLocalMap -- -Dio.netty.threadLocalMap.stringBuilder.maxSize: 4096
15:33:46.433 [main] DEBUG io.netty.channel.nio.NioEventLoop -- -Dio.netty.noKeySetOptimization: false
15:33:46.433 [main] DEBUG io.netty.channel.nio.NioEventLoop -- -Dio.netty.selectorAutoRebuildThreshold: 512
15:33:46.436 [main] DEBUG io.netty.util.internal.PlatformDependent -- org.jctools-core.MpscChunkedArrayQueue: available
15:33:46.518 [main] DEBUG io.netty.resolver.dns.DefaultDnsServerAddressStreamProvider -- Default DNS servers: [/172.20.10.1:53] (sun.net.dns.ResolverConfiguration)
15:33:46.528 [main] DEBUG io.netty.util.NetUtil -- -Djava.net.preferIPv4Stack: false
15:33:46.528 [main] DEBUG io.netty.util.NetUtil -- -Djava.net.preferIPv6Addresses: false
15:33:46.540 [main] DEBUG io.netty.util.NetUtilInitializations -- Loopback interface: lo (Software Loopback Interface 1, 127.0.0.1)
15:33:46.540 [main] DEBUG io.netty.util.NetUtil -- Failed to get SOMAXCONN from sysctl and file \proc\sys\net\core\somaxconn. Default: 200
15:33:46.541 [main] DEBUG io.netty.resolver.dns.DnsNameResolver -- Default ResolvedAddressTypes: IPV4_ONLY
15:33:46.541 [main] DEBUG io.netty.resolver.dns.DnsNameResolver -- Localhost address: localhost/127.0.0.1
15:33:46.548 [main] DEBUG io.netty.resolver.dns.DnsNameResolver -- Windows hostname: 30312-08
15:33:46.548 [main] DEBUG io.netty.resolver.dns.DnsNameResolver -- Default search domains: []
15:33:46.549 [main] DEBUG io.netty.resolver.dns.DnsNameResolver -- Default UnixResolverOptions{ndots=1, timeout=5, attempts=16}
15:33:46.557 [main] DEBUG io.netty.resolver.DefaultHostsFileEntriesResolver -- -Dio.netty.hostsFileRefreshInterval: 0
15:33:46.664 [main] DEBUG cn.hutool.log.LogFactory -- Use [Slf4j] Logger As Default.
15:33:46.671 [main] INFO org.khr.RpcApplication -- registry init, config = RegistryConfig(registry=EtcdRegistry, address=http://localhost:2379, username=null, password=null, timeout=10000)
rpcConfig = RpcConfig(name=khr, version=2.0, serverHost=localhost, serverPort=8080, serializer=JdkSerializer, loadBalancer=RoundRobinLoadBalancer, retryStrategy=NoRetryStrategy, tolerantStrategy=FailFastTolerantStrategy, mock=false, registryConfig=RegistryConfig(registry=EtcdRegistry, address=http://localhost:2379, username=null, password=null, timeout=10000))
]]></system-out>
  </testcase>
</testsuite>