<?xml version="1.0" encoding="UTF-8"?>
<testsuite xmlns:xsi="http://www.w3.org/2001/XMLSchema-instance" xsi:noNamespaceSchemaLocation="https://maven.apache.org/surefire/maven-surefire-plugin/xsd/surefire-test-report-3.0.xsd" version="3.0" name="org.khr.RegistryTest" time="0.047" tests="1" errors="1" skipped="0" failures="0">
  <properties>
[...]
</properties>
  <testcase name="" classname="org.khr.RegistryTest" time="0.047">
    <error message="Scheduler has been started, please stop it first!" type="cn.hutool.core.exceptions.UtilException"><![CDATA[cn.hutool.core.exceptions.UtilException: Scheduler has been started, please stop it first!
	at cn.hutool.cron.CronUtil.start(CronUtil.java:153)
	at cn.hutool.cron.CronUtil.start(CronUtil.java:143)
	at org.khr.registry.impl.EtcdRegistry.heartBeat(EtcdRegistry.java:148)
	at org.khr.registry.impl.EtcdRegistry.init(EtcdRegistry.java:60)
	at org.khr.RegistryTest.init(RegistryTest.java:25)
	at java.base/java.lang.reflect.Method.invoke(Method.java:569)
	at java.base/java.util.ArrayList.forEach(ArrayList.java:1511)
]]></error>
  </testcase>
</testsuite>