<?xml version="1.0" encoding="UTF-8"?>
<testsuite xmlns:xsi="http://www.w3.org/2001/XMLSchema-instance" xsi:noNamespaceSchemaLocation="https://maven.apache.org/surefire/maven-surefire-plugin/xsd/surefire-test-report-3.0.xsd" version="3.0" name="org.khr.EtcdTest" time="0.499" tests="2" errors="0" skipped="0" failures="0">
  <properties>
[...]
</properties>
  <testcase name="test" classname="org.khr.EtcdTest" time="0.426">
    <system-out><![CDATA[15:33:46.855 [grpc-default-executor-0] DEBUG io.netty.buffer.AbstractByteBuf -- -Dio.netty.buffer.checkAccessible: true
15:33:46.855 [grpc-default-executor-0] DEBUG io.netty.buffer.AbstractByteBuf -- -Dio.netty.buffer.checkBounds: true
15:33:46.856 [grpc-default-executor-0] DEBUG io.netty.util.ResourceLeakDetectorFactory -- Loaded default ResourceLeakDetector: io.netty.util.ResourceLeakDetector@2ac36ad5
15:33:46.891 [grpc-default-executor-0] DEBUG io.netty.buffer.PooledByteBufAllocator -- -Dio.netty.allocator.numHeapArenas: 24
15:33:46.891 [grpc-default-executor-0] DEBUG io.netty.buffer.PooledByteBufAllocator -- -Dio.netty.allocator.numDirectArenas: 24
15:33:46.891 [grpc-default-executor-0] DEBUG io.netty.buffer.PooledByteBufAllocator -- -Dio.netty.allocator.pageSize: 8192
15:33:46.891 [grpc-default-executor-0] DEBUG io.netty.buffer.PooledByteBufAllocator -- -Dio.netty.allocator.maxOrder: 9
15:33:46.891 [grpc-default-executor-0] DEBUG io.netty.buffer.PooledByteBufAllocator -- -Dio.netty.allocator.chunkSize: 4194304
15:33:46.891 [grpc-default-executor-0] DEBUG io.netty.buffer.PooledByteBufAllocator -- -Dio.netty.allocator.smallCacheSize: 256
15:33:46.891 [grpc-default-executor-0] DEBUG io.netty.buffer.PooledByteBufAllocator -- -Dio.netty.allocator.normalCacheSize: 64
15:33:46.891 [grpc-default-executor-0] DEBUG io.netty.buffer.PooledByteBufAllocator -- -Dio.netty.allocator.maxCachedBufferCapacity: 32768
15:33:46.891 [grpc-default-executor-0] DEBUG io.netty.buffer.PooledByteBufAllocator -- -Dio.netty.allocator.cacheTrimInterval: 8192
15:33:46.892 [grpc-default-executor-0] DEBUG io.netty.buffer.PooledByteBufAllocator -- -Dio.netty.allocator.cacheTrimIntervalMillis: 0
15:33:46.892 [grpc-default-executor-0] DEBUG io.netty.buffer.PooledByteBufAllocator -- -Dio.netty.allocator.useCacheForAllThreads: false
15:33:46.892 [grpc-default-executor-0] DEBUG io.netty.buffer.PooledByteBufAllocator -- -Dio.netty.allocator.maxCachedByteBuffersPerChunk: 1023
15:33:46.918 [grpc-default-executor-0] DEBUG io.netty.channel.DefaultChannelId -- -Dio.netty.processId: 20444 (auto-detected)
15:33:46.941 [grpc-default-executor-0] DEBUG io.netty.channel.DefaultChannelId -- -Dio.netty.machineId: 40:1a:58:ff:fe:b0:df:eb (auto-detected)
15:33:46.969 [grpc-default-executor-0] DEBUG io.netty.buffer.ByteBufUtil -- -Dio.netty.allocator.type: pooled
15:33:46.969 [grpc-default-executor-0] DEBUG io.netty.buffer.ByteBufUtil -- -Dio.netty.threadLocalDirectBufferSize: 0
15:33:46.969 [grpc-default-executor-0] DEBUG io.netty.buffer.ByteBufUtil -- -Dio.netty.maxThreadLocalCharBufferSize: 16384
15:33:46.975 [grpc-default-executor-0] DEBUG io.netty.bootstrap.ChannelInitializerExtensions -- -Dio.netty.bootstrap.extensions: null
15:33:46.978 [grpc-default-executor-0] DEBUG io.netty.util.Recycler -- -Dio.netty.recycler.maxCapacityPerThread: 4096
15:33:46.979 [grpc-default-executor-0] DEBUG io.netty.util.Recycler -- -Dio.netty.recycler.ratio: 8
15:33:46.979 [grpc-default-executor-0] DEBUG io.netty.util.Recycler -- -Dio.netty.recycler.chunkSize: 32
15:33:46.979 [grpc-default-executor-0] DEBUG io.netty.util.Recycler -- -Dio.netty.recycler.blocking: false
15:33:46.979 [grpc-default-executor-0] DEBUG io.netty.util.Recycler -- -Dio.netty.recycler.batchFastThreadLocalOnly: true
15:33:46.994 [vert.x-eventloop-thread-0] DEBUG io.grpc.netty.NettyClientHandler -- [id: 0xba6387d2, L:/127.0.0.1:61290 - R:localhost/127.0.0.1:2379] OUTBOUND SETTINGS: ack=false settings={ENABLE_PUSH=0, MAX_CONCURRENT_STREAMS=0, INITIAL_WINDOW_SIZE=1048576, MAX_HEADER_LIST_SIZE=8192}
15:33:47.008 [vert.x-eventloop-thread-0] DEBUG io.grpc.netty.NettyClientHandler -- [id: 0xba6387d2, L:/127.0.0.1:61290 - R:localhost/127.0.0.1:2379] OUTBOUND WINDOW_UPDATE: streamId=0 windowSizeIncrement=983041
15:33:47.019 [vert.x-eventloop-thread-0] DEBUG io.grpc.netty.NettyClientHandler -- [id: 0xba6387d2, L:/127.0.0.1:61290 - R:localhost/127.0.0.1:2379] INBOUND SETTINGS: ack=false settings={MAX_FRAME_SIZE=16384}
15:33:47.020 [vert.x-eventloop-thread-0] DEBUG io.grpc.netty.NettyClientHandler -- [id: 0xba6387d2, L:/127.0.0.1:61290 - R:localhost/127.0.0.1:2379] OUTBOUND SETTINGS: ack=true
15:33:47.051 [vert.x-eventloop-thread-0] DEBUG io.grpc.netty.NettyClientHandler -- [id: 0xba6387d2, L:/127.0.0.1:61290 - R:localhost/127.0.0.1:2379] INBOUND SETTINGS: ack=true
15:33:47.055 [vert.x-eventloop-thread-0] DEBUG io.grpc.netty.NettyClientHandler -- [id: 0xba6387d2, L:/127.0.0.1:61290 - R:localhost/127.0.0.1:2379] OUTBOUND HEADERS: streamId=3 headers=GrpcHttp2OutboundHeaders[:authority: localhost:2379, :path: /etcdserverpb.KV/Put, :method: POST, :scheme: http, content-type: application/grpc, te: trailers, user-agent: grpc-java-netty/1.60.0, grpc-accept-encoding: gzip] streamDependency=0 weight=16 exclusive=false padding=0 endStream=false
15:33:47.069 [vert.x-eventloop-thread-0] DEBUG io.grpc.netty.NettyClientHandler -- [id: 0xba6387d2, L:/127.0.0.1:61290 - R:localhost/127.0.0.1:2379] OUTBOUND DATA: streamId=3 padding=0 endStream=true length=17 bytes=000000000c0a0432323232120432323232
15:33:47.079 [vert.x-eventloop-thread-0] DEBUG io.grpc.netty.NettyClientHandler -- [id: 0xba6387d2, L:/127.0.0.1:61290 - R:localhost/127.0.0.1:2379] INBOUND WINDOW_UPDATE: streamId=0 windowSizeIncrement=17
15:33:47.079 [vert.x-eventloop-thread-0] DEBUG io.grpc.netty.NettyClientHandler -- [id: 0xba6387d2, L:/127.0.0.1:61290 - R:localhost/127.0.0.1:2379] INBOUND PING: ack=false bytes=145258749040133895
15:33:47.079 [vert.x-eventloop-thread-0] DEBUG io.grpc.netty.NettyClientHandler -- [id: 0xba6387d2, L:/127.0.0.1:61290 - R:localhost/127.0.0.1:2379] OUTBOUND PING: ack=true bytes=145258749040133895
15:33:47.083 [vert.x-eventloop-thread-0] DEBUG io.grpc.netty.NettyClientHandler -- [id: 0xba6387d2, L:/127.0.0.1:61290 - R:localhost/127.0.0.1:2379] INBOUND HEADERS: streamId=3 headers=GrpcHttp2ResponseHeaders[:status: 200, content-type: application/grpc] padding=0 endStream=false
15:33:47.085 [vert.x-eventloop-thread-0] DEBUG io.grpc.netty.NettyClientHandler -- [id: 0xba6387d2, L:/127.0.0.1:61290 - R:localhost/127.0.0.1:2379] INBOUND DATA: streamId=3 padding=0 endStream=false length=34 bytes=000000001d0a1b08b298eaf1948386fccd0110cdd2918bd2b881cf8e01188a042002
15:33:47.086 [vert.x-eventloop-thread-0] DEBUG io.grpc.netty.NettyClientHandler -- [id: 0xba6387d2, L:/127.0.0.1:61290 - R:localhost/127.0.0.1:2379] OUTBOUND PING: ack=false bytes=1234
Put 成功：key = test_key, value = test_value
15:33:47.093 [vert.x-eventloop-thread-0] DEBUG io.grpc.netty.NettyClientHandler -- [id: 0xba6387d2, L:/127.0.0.1:61290 - R:localhost/127.0.0.1:2379] INBOUND HEADERS: streamId=3 headers=GrpcHttp2ResponseHeaders[grpc-status: 0, grpc-message: ] padding=0 endStream=true
15:33:47.096 [vert.x-eventloop-thread-0] DEBUG io.grpc.netty.NettyClientHandler -- [id: 0xba6387d2, L:/127.0.0.1:61290 - R:localhost/127.0.0.1:2379] OUTBOUND HEADERS: streamId=5 headers=GrpcHttp2OutboundHeaders[:authority: localhost:2379, :path: /etcdserverpb.KV/Put, :method: POST, :scheme: http, content-type: application/grpc, te: trailers, user-agent: grpc-java-netty/1.60.0, grpc-accept-encoding: gzip] streamDependency=0 weight=16 exclusive=false padding=0 endStream=false
15:33:47.096 [vert.x-eventloop-thread-0] DEBUG io.grpc.netty.NettyClientHandler -- [id: 0xba6387d2, L:/127.0.0.1:61290 - R:localhost/127.0.0.1:2379] OUTBOUND DATA: streamId=5 padding=0 endStream=true length=18 bytes=000000000d0a043131313112053131313131
15:33:47.096 [vert.x-eventloop-thread-0] DEBUG io.grpc.netty.NettyClientHandler -- [id: 0xba6387d2, L:/127.0.0.1:61290 - R:localhost/127.0.0.1:2379] INBOUND PING: ack=true bytes=1234
15:33:47.096 [vert.x-eventloop-thread-0] DEBUG io.grpc.netty.NettyClientHandler -- [id: 0xba6387d2, L:/127.0.0.1:61290 - R:localhost/127.0.0.1:2379] INBOUND WINDOW_UPDATE: streamId=0 windowSizeIncrement=18
15:33:47.096 [vert.x-eventloop-thread-0] DEBUG io.grpc.netty.NettyClientHandler -- [id: 0xba6387d2, L:/127.0.0.1:61290 - R:localhost/127.0.0.1:2379] INBOUND PING: ack=false bytes=145258749040133895
15:33:47.097 [vert.x-eventloop-thread-0] DEBUG io.grpc.netty.NettyClientHandler -- [id: 0xba6387d2, L:/127.0.0.1:61290 - R:localhost/127.0.0.1:2379] OUTBOUND PING: ack=true bytes=145258749040133895
15:33:47.098 [vert.x-eventloop-thread-0] DEBUG io.grpc.netty.NettyClientHandler -- [id: 0xba6387d2, L:/127.0.0.1:61290 - R:localhost/127.0.0.1:2379] INBOUND HEADERS: streamId=5 headers=GrpcHttp2ResponseHeaders[:status: 200, content-type: application/grpc] padding=0 endStream=false
15:33:47.098 [vert.x-eventloop-thread-0] DEBUG io.grpc.netty.NettyClientHandler -- [id: 0xba6387d2, L:/127.0.0.1:61290 - R:localhost/127.0.0.1:2379] INBOUND DATA: streamId=5 padding=0 endStream=false length=34 bytes=000000001d0a1b08b298eaf1948386fccd0110cdd2918bd2b881cf8e01188b042002
Put 成功：key = test_key, value = test_value
15:33:47.098 [vert.x-eventloop-thread-0] DEBUG io.grpc.netty.NettyClientHandler -- [id: 0xba6387d2, L:/127.0.0.1:61290 - R:localhost/127.0.0.1:2379] INBOUND HEADERS: streamId=5 headers=GrpcHttp2ResponseHeaders[grpc-status: 0, grpc-message: ] padding=0 endStream=true
15:33:47.102 [vert.x-eventloop-thread-0] DEBUG io.grpc.netty.NettyClientHandler -- [id: 0xba6387d2, L:/127.0.0.1:61290 - R:localhost/127.0.0.1:2379] OUTBOUND GO_AWAY: lastStreamId=0 errorCode=0 length=0 bytes=
]]></system-out>
  </testcase>
  <testcase name="test2" classname="org.khr.EtcdTest" time="0.071">
    <system-out><![CDATA[15:33:47.120 [vert.x-eventloop-thread-0] DEBUG io.netty.buffer.PoolThreadCache -- Freed 9 thread-local buffer(s) from thread: vert.x-eventloop-thread-0
15:33:47.170 [vert.x-eventloop-thread-0] DEBUG io.grpc.netty.NettyClientHandler -- [id: 0xf8037487, L:/127.0.0.1:61291 - R:localhost/127.0.0.1:2379] OUTBOUND SETTINGS: ack=false settings={ENABLE_PUSH=0, MAX_CONCURRENT_STREAMS=0, INITIAL_WINDOW_SIZE=1048576, MAX_HEADER_LIST_SIZE=8192}
15:33:47.171 [vert.x-eventloop-thread-0] DEBUG io.grpc.netty.NettyClientHandler -- [id: 0xf8037487, L:/127.0.0.1:61291 - R:localhost/127.0.0.1:2379] OUTBOUND WINDOW_UPDATE: streamId=0 windowSizeIncrement=983041
15:33:47.172 [vert.x-eventloop-thread-0] DEBUG io.grpc.netty.NettyClientHandler -- [id: 0xf8037487, L:/127.0.0.1:61291 - R:localhost/127.0.0.1:2379] INBOUND SETTINGS: ack=false settings={MAX_FRAME_SIZE=16384}
15:33:47.172 [vert.x-eventloop-thread-0] DEBUG io.grpc.netty.NettyClientHandler -- [id: 0xf8037487, L:/127.0.0.1:61291 - R:localhost/127.0.0.1:2379] OUTBOUND SETTINGS: ack=true
15:33:47.173 [vert.x-eventloop-thread-0] DEBUG io.grpc.netty.NettyClientHandler -- [id: 0xf8037487, L:/127.0.0.1:61291 - R:localhost/127.0.0.1:2379] OUTBOUND HEADERS: streamId=3 headers=GrpcHttp2OutboundHeaders[:authority: localhost:2379, :path: /etcdserverpb.KV/DeleteRange, :method: POST, :scheme: http, content-type: application/grpc, te: trailers, user-agent: grpc-java-netty/1.60.0, grpc-accept-encoding: gzip] streamDependency=0 weight=16 exclusive=false padding=0 endStream=false
15:33:47.173 [vert.x-eventloop-thread-0] DEBUG io.grpc.netty.NettyClientHandler -- [id: 0xf8037487, L:/127.0.0.1:61291 - R:localhost/127.0.0.1:2379] OUTBOUND DATA: streamId=3 padding=0 endStream=true length=11 bytes=00000000060a0432323232
15:33:47.174 [vert.x-eventloop-thread-0] DEBUG io.grpc.netty.NettyClientHandler -- [id: 0xf8037487, L:/127.0.0.1:61291 - R:localhost/127.0.0.1:2379] INBOUND SETTINGS: ack=true
15:33:47.174 [vert.x-eventloop-thread-0] DEBUG io.grpc.netty.NettyClientHandler -- [id: 0xf8037487, L:/127.0.0.1:61291 - R:localhost/127.0.0.1:2379] INBOUND WINDOW_UPDATE: streamId=0 windowSizeIncrement=11
15:33:47.174 [vert.x-eventloop-thread-0] DEBUG io.grpc.netty.NettyClientHandler -- [id: 0xf8037487, L:/127.0.0.1:61291 - R:localhost/127.0.0.1:2379] INBOUND PING: ack=false bytes=145258749040133895
15:33:47.174 [vert.x-eventloop-thread-0] DEBUG io.grpc.netty.NettyClientHandler -- [id: 0xf8037487, L:/127.0.0.1:61291 - R:localhost/127.0.0.1:2379] OUTBOUND PING: ack=true bytes=145258749040133895
15:33:47.176 [vert.x-eventloop-thread-0] DEBUG io.grpc.netty.NettyClientHandler -- [id: 0xf8037487, L:/127.0.0.1:61291 - R:localhost/127.0.0.1:2379] INBOUND HEADERS: streamId=3 headers=GrpcHttp2ResponseHeaders[:status: 200, content-type: application/grpc] padding=0 endStream=false
15:33:47.176 [vert.x-eventloop-thread-0] DEBUG io.grpc.netty.NettyClientHandler -- [id: 0xf8037487, L:/127.0.0.1:61291 - R:localhost/127.0.0.1:2379] INBOUND DATA: streamId=3 padding=0 endStream=false length=36 bytes=000000001f0a1b08b298eaf1948386fccd0110cdd2918bd2b881cf8e01188c0420021001
15:33:47.176 [vert.x-eventloop-thread-0] DEBUG io.grpc.netty.NettyClientHandler -- [id: 0xf8037487, L:/127.0.0.1:61291 - R:localhost/127.0.0.1:2379] OUTBOUND PING: ack=false bytes=1234
Delete 成功：key = test_key
15:33:47.178 [vert.x-eventloop-thread-0] DEBUG io.grpc.netty.NettyClientHandler -- [id: 0xf8037487, L:/127.0.0.1:61291 - R:localhost/127.0.0.1:2379] INBOUND HEADERS: streamId=3 headers=GrpcHttp2ResponseHeaders[grpc-status: 0, grpc-message: ] padding=0 endStream=true
15:33:47.179 [vert.x-eventloop-thread-0] DEBUG io.grpc.netty.NettyClientHandler -- [id: 0xf8037487, L:/127.0.0.1:61291 - R:localhost/127.0.0.1:2379] OUTBOUND GO_AWAY: lastStreamId=0 errorCode=0 length=0 bytes=
]]></system-out>
  </testcase>
</testsuite>